<?xml version="1.0" encoding="UTF-8"?>
<!-- Generated by org.testng.reporters.JUnitXMLReporter -->
<testsuite ignored="0" hostname="TienDat" failures="0" tests="5" name="Default test" time="82.455" errors="0" timestamp="2026-03-04T15:19:47 ICT">
  <testcase classname="testj4.DienMayXanhLoginTest" name="TC01_ValidPhone" time="8.749"/>
  <testcase classname="testj4.DienMayXanhLoginTest" name="TC02_InvalidPhone" time="9.933"/>
  <testcase classname="testj4.DienMayXanhLoginTest" name="TC03_PhoneWithLetters" time="8.347"/>
  <testcase classname="testj4.DienMayXanhLoginTest" name="TC04_EmptyPhone" time="7.613"/>
  <testcase classname="testj4.DienMayXanhLoginTest" name="TC05_SpecialCharacters" time="7.892"/>
</testsuite> <!-- Default test -->
