<?xml version="1.0" encoding="UTF-8"?>
<testng-results ignored="0" total="5" passed="5" failed="0" skipped="0">
  <reporter-output>
  </reporter-output>
  <suite started-at="2026-03-04T15:18:24 ICT" name="Default suite" finished-at="2026-03-04T15:19:47 ICT" duration-ms="82455">
    <groups>
    </groups>
    <test started-at="2026-03-04T15:18:24 ICT" name="Default test" finished-at="2026-03-04T15:19:47 ICT" duration-ms="82455">
      <class name="testj4.DienMayXanhLoginTest">
        <test-method is-config="true" signature="setUp()[pri:0, instance:testj4.DienMayXanhLoginTest@327514f]" started-at="2026-03-04T15:18:24 ICT" name="setUp" finished-at="2026-03-04T15:18:32 ICT" duration-ms="8018" status="PASS">
          <reporter-output>
          </reporter-output>
        </test-method> <!-- setUp -->
        <test-method signature="TC01_ValidPhone()[pri:0, instance:testj4.DienMayXanhLoginTest@327514f]" started-at="2026-03-04T15:18:32 ICT" name="TC01_ValidPhone" finished-at="2026-03-04T15:18:41 ICT" duration-ms="8749" status="PASS">
          <reporter-output>
          </reporter-output>
        </test-method> <!-- TC01_ValidPhone -->
        <test-method is-config="true" signature="tearDown()[pri:0, instance:testj4.DienMayXanhLoginTest@327514f]" started-at="2026-03-04T15:18:41 ICT" name="tearDown" finished-at="2026-03-04T15:18:43 ICT" duration-ms="2078" status="PASS">
          <reporter-output>
          </reporter-output>
        </test-method> <!-- tearDown -->
        <test-method is-config="true" signature="setUp()[pri:0, instance:testj4.DienMayXanhLoginTest@327514f]" started-at="2026-03-04T15:18:43 ICT" name="setUp" finished-at="2026-03-04T15:18:50 ICT" duration-ms="7195" status="PASS">
          <reporter-output>
          </reporter-output>
        </test-method> <!-- setUp -->
        <test-method signature="TC02_InvalidPhone()[pri:0, instance:testj4.DienMayXanhLoginTest@327514f]" started-at="2026-03-04T15:18:50 ICT" name="TC02_InvalidPhone" finished-at="2026-03-04T15:19:00 ICT" duration-ms="9933" status="PASS">
          <reporter-output>
          </reporter-output>
        </test-method> <!-- TC02_InvalidPhone -->
        <test-method is-config="true" signature="tearDown()[pri:0, instance:testj4.DienMayXanhLoginTest@327514f]" started-at="2026-03-04T15:19:00 ICT" name="tearDown" finished-at="2026-03-04T15:19:01 ICT" duration-ms="350" status="PASS">
          <reporter-output>
          </reporter-output>
        </test-method> <!-- tearDown -->
        <test-method is-config="true" signature="setUp()[pri:0, instance:testj4.DienMayXanhLoginTest@327514f]" started-at="2026-03-04T15:19:01 ICT" name="setUp" finished-at="2026-03-04T15:19:07 ICT" duration-ms="6733" status="PASS">
          <reporter-output>
          </reporter-output>
        </test-method> <!-- setUp -->
        <test-method signature="TC03_PhoneWithLetters()[pri:0, instance:testj4.DienMayXanhLoginTest@327514f]" started-at="2026-03-04T15:19:07 ICT" name="TC03_PhoneWithLetters" finished-at="2026-03-04T15:19:16 ICT" duration-ms="8347" status="PASS">
          <reporter-output>
          </reporter-output>
        </test-method> <!-- TC03_PhoneWithLetters -->
        <test-method is-config="true" signature="tearDown()[pri:0, instance:testj4.DienMayXanhLoginTest@327514f]" started-at="2026-03-04T15:19:16 ICT" name="tearDown" finished-at="2026-03-04T15:19:18 ICT" duration-ms="2493" status="PASS">
          <reporter-output>
          </reporter-output>
        </test-method> <!-- tearDown -->
        <test-method is-config="true" signature="setUp()[pri:0, instance:testj4.DienMayXanhLoginTest@327514f]" started-at="2026-03-04T15:19:18 ICT" name="setUp" finished-at="2026-03-04T15:19:24 ICT" duration-ms="5961" status="PASS">
          <reporter-output>
          </reporter-output>
        </test-method> <!-- setUp -->
        <test-method signature="TC04_EmptyPhone()[pri:0, instance:testj4.DienMayXanhLoginTest@327514f]" started-at="2026-03-04T15:19:24 ICT" name="TC04_EmptyPhone" finished-at="2026-03-04T15:19:32 ICT" duration-ms="7613" status="PASS">
          <reporter-output>
          </reporter-output>
        </test-method> <!-- TC04_EmptyPhone -->
        <test-method is-config="true" signature="tearDown()[pri:0, instance:testj4.DienMayXanhLoginTest@327514f]" started-at="2026-03-04T15:19:32 ICT" name="tearDown" finished-at="2026-03-04T15:19:32 ICT" duration-ms="495" status="PASS">
          <reporter-output>
          </reporter-output>
        </test-method> <!-- tearDown -->
        <test-method is-config="true" signature="setUp()[pri:0, instance:testj4.DienMayXanhLoginTest@327514f]" started-at="2026-03-04T15:19:32 ICT" name="setUp" finished-at="2026-03-04T15:19:38 ICT" duration-ms="6045" status="PASS">
          <reporter-output>
          </reporter-output>
        </test-method> <!-- setUp -->
        <test-method signature="TC05_SpecialCharacters()[pri:0, instance:testj4.DienMayXanhLoginTest@327514f]" started-at="2026-03-04T15:19:38 ICT" name="TC05_SpecialCharacters" finished-at="2026-03-04T15:19:46 ICT" duration-ms="7892" status="PASS">
          <reporter-output>
          </reporter-output>
        </test-method> <!-- TC05_SpecialCharacters -->
        <test-method is-config="true" signature="tearDown()[pri:0, instance:testj4.DienMayXanhLoginTest@327514f]" started-at="2026-03-04T15:19:46 ICT" name="tearDown" finished-at="2026-03-04T15:19:47 ICT" duration-ms="477" status="PASS">
          <reporter-output>
          </reporter-output>
        </test-method> <!-- tearDown -->
      </class> <!-- testj4.DienMayXanhLoginTest -->
    </test> <!-- Default test -->
  </suite> <!-- Default suite -->
</testng-results>
