<?xml version="1.0" encoding="UTF-8"?>
<!-- Generated by org.testng.reporters.JUnitReportReporter -->
<testsuite hostname="TienDat" failures="0" tests="5" name="testj4.DienMayXanhLoginTest" time="82.379" errors="0" timestamp="2026-03-04T15:19:47 ICT" skipped="0">
  <testcase classname="testj4.DienMayXanhLoginTest" name="TC04_EmptyPhone" time="16.067"/>
  <testcase classname="testj4.DienMayXanhLoginTest" name="TC05_SpecialCharacters" time="15.437"/>
  <testcase classname="testj4.DienMayXanhLoginTest" name="TC03_PhoneWithLetters" time="15.557"/>
  <testcase classname="testj4.DienMayXanhLoginTest" name="TC01_ValidPhone" time="18.845"/>
  <testcase classname="testj4.DienMayXanhLoginTest" name="TC02_InvalidPhone" time="16.473"/>
</testsuite> <!-- testj4.DienMayXanhLoginTest -->
