<?xml version="1.0" encoding="UTF-8"?>
<!-- Generated by org.testng.reporters.JUnitReportReporter -->
<testsuite hostname="TienDat" failures="0" tests="15" name="testj4.testfull" time="6.905" errors="0" timestamp="2026-03-04T14:51:52 ICT" skipped="0">
  <testcase classname="testj4.testfull" name="TC13_ChangePasswordLogic" time="0.009"/>
  <testcase classname="testj4.testfull" name="TC09_ValidateShareEmail" time="0.011"/>
  <testcase classname="testj4.testfull" name="TC10_CheckUserRole" time="0.012"/>
  <testcase classname="testj4.testfull" name="TC15_CookieHistory" time="0.005"/>
  <testcase classname="testj4.testfull" name="TC01_LoginSuccess" time="0.344"/>
  <testcase classname="testj4.testfull" name="TC08_CheckFavoriteExists" time="0.083"/>
  <testcase classname="testj4.testfull" name="TC11_CheckAdminRole" time="0.020"/>
  <testcase classname="testj4.testfull" name="TC07_UpdateVideoViews" time="0.016"/>
  <testcase classname="testj4.testfull" name="TC04_FindUserValid" time="0.024"/>
  <testcase classname="testj4.testfull" name="TC05_UpdateUser" time="0.118"/>
  <testcase classname="testj4.testfull" name="TC12_CreateNewUser" time="5.975"/>
  <testcase classname="testj4.testfull" name="TC06_FindTop6Videos" time="0.246"/>
  <testcase classname="testj4.testfull" name="TC02_LoginWrongPassword" time="0.017"/>
  <testcase classname="testj4.testfull" name="TC03_LoginEmptyUser" time="0.017"/>
  <testcase classname="testj4.testfull" name="TC14_JpaConnection" time="0.008"/>
</testsuite> <!-- testj4.testfull -->
